[CommunicationLog]
R [192FFA30] : 0
S [192FFA11] : (410F058000080)
R [192FFA11] : 0
S [192FFA01] : (410F050000080)
R [192FF927] : 000010002000C0000002800000000000000000000000000000000000016F0149300480F057704000FF800
S [192FF917] : (40)
R [192FF917] : 01
S [192FF907] : (34)
R [192FF907] : 010F0577
S [192FF907] : (35)
R [192FF907] : 000010002000C0000002800000000000000000000000000000000000016F0149300480F057704000FF800
S [192FF8F8] : (40)
R [192FF8F8] : 01
S [192FF8D8] : (34)
R [192FF8D8] : 010F0577
S [192FF8C9] : (35)
R [192F6F17] : 0
S [192F6EC9] : (330F3075)
R [192F6EC9] : 0000000000000000000000000000000000000000000000000000000000000138400010F30750000000000
S [192F6E8A] : (40)
R [192F6E4C] : 0
S [192F6C29] : (07)
R [192F6AA2] : 0000000000000000000000000000000000000000000000000000000000000138400010F30750000000000
S [192F6A73] : (40)
R [192F6A64] : 0
S [192F6A06] : (21)
R [192F6A06] : 0
S [192F596C] : 0B
R [192F596C] : 0
S [192F5545] : (0B)
R [192F5507] : 0
S [192F52F4] : (07)
R [192F4C1E] : 01
S [192F4C0E] : (34)
R [192F4C0E] : 010F3075
S [192F4BFE] : (35)
R [192F4BB0] : 0000000000000000000000000000000000000000000000000000000000000138400010F30750000000000
S [192F4B72] : (40)
R [192F4B33] : 0
S [192F4920] : (07)
R [192F4920] : 0
S [192F48C2] : (08)
R [192F48C2] : 0000000000000000000000000000000000000000000000000000000000000138400010F30750000000000
S [192F4893] : (40)
R [192F4893] : 01
S [192F4893] : (34)
R [192F4893] : 010F3075
S [192F4874] : (35)
R [192F4874] : 018066FFFFC000E000FFFF080404F08040411
S [192F4865] : (00)
S [192F372E] : (35)
S [192F1FED] : (07)
R [191BDE0E] : 0
S [191BDE0E] : (4100040A10001)
R [191BDD82] : 0
S [191BDD82] : (4100040A10001)
R [191BDD82] : 0
S [191BDD72] : (4100040A10001)
R [191BDD72] : 0
S [191BDD72] : (4100040A10001)
R [191B9473] : 0
S [191B9453] : (4103F08000080)
R [191B9453] : 0
S [191B9444] : (4103F00000080)
R [191B925F] : 00001000000000000000000000000000000000000000000000000000000FB3DC7101403F07F04000FF800
S [191B9250] : (40)
R [191B9250] : 01
S [191B9250] : (34)
R [191B9250] : 0103F07F
S [191B9240] : (35)
R [191B9240] : 00001000000000000000000000000000000000000000000000000000000FB3DC7101403F07F04000FF800
S [191B9230] : (40)
R [191B9230] : 01
S [191B9211] : (34)
R [191B9211] : 0103F07F
S [191B9108] : (35)
R [19186AE1] : 0
S [19186A92] : (330F3075)
R [19186A92] : 0000000000000000000000000000000000000000000000000000000000000138400010F30750000000000
S [19186A54] : (40)
R [19186A15] : 0
S [19186802] : (07)
R [19183CBC] : 0
S [19183CAC] : (410F0A0000080)
R [19183BB2] : 00A7F00000000000003F100F015F5000000000000000000000000000016F015F100410F0A1604000FF800
S [19183BA3] : (40)
R [19183BA3] : 01
S [19183B93] : (34)
R [19183B93] : 010F0A16
S [19183B93] : (35)
R [19183B93] : 00A7F00000000000003F100F015F5000000000000000000000000000016F015F100410F0A1604000FF800
S [19183B84] : (40)
R [19183B84] : 01
S [19183B64] : (34)
R [19183B64] : 010F0A16
S [19183B55] : (35)
R [1917DD66] : 0
S [1917DD18] : (330F3075)
R [1917DD18] : 0000000000000000000000000000000000000000000000000000000000000138400010F30750000000000
S [1917DCD9] : (40)
R [1917DC9B] : 0
S [1917DA87] : (07)
R [1917D836] : 0000000000000000000000000000000000000000000000000000000000000138400010F30750000000000
S [1917D816] : (40)
R [1917D807] : 0
S [1917D7A9] : (21)
R [1917D7A9] : 0
S [1917C70F] : 0B
R [1917C70F] : 0
S [1917C2E9] : (0B)
R [1917C2AA] : 0
S [1917C087] : (07)
R [19177A66] : 00001C2A000000000002800000000000000000000000000000000000016F0155B00400F04A604000FF800
S [19177A56] : (40)
R [19177A56] : 01
S [19177A47] : (34)
R [19177A47] : 010F04A6
S [19177A47] : (35)
R [19177A47] : 00001C2A000000000002800000000000000000000000000000000000016F0155B00400F04A604000FF800
S [19177A37] : (40)
R [19177A37] : 01
S [19177A18] : (34)
R [19177A18] : 010F04A6
S [19177A08] : (35)
R [19165649] : 0
S [191655FB] : (330F305F)
R [191655FB] : 0000000000000000000000000000000000000000000000000000000000000138400010F305F0000000000
S [191655BC] : (40)
R [1916557E] : 0
S [1916535B] : (07)
R [19165167] : 0000000000000000000000000000000000000000000000000000000000000138400010F305F0000000000
S [19165138] : (40)
R [19165138] : 0
S [191650CB] : (21)
R [191650CB] : 0
S [19164040] : 0B
R [19164040] : 0
S [19163C1A] : (0B)
R [19163BDB] : 0
S [191639C8] : (07)
R [1916316B] : 00001000000000000000000000000000000000000000000000000000000FB3DC7101403F07F04000FF800
S [1916314C] : (40)
R [1916314C] : 01
S [1916314C] : (34)
R [1916314C] : 0103F07F
S [1916313C] : (35)
R [1916313C] : 00001000000000000000000000000000000000000000000000000000000FB3DC7101403F07F04000FF800
S [1916312D] : (40)
R [1916312D] : 01
S [1916311D] : (34)
R [1916311D] : 0103F07F
S [19163014] : (35)
R [191532E7] : 0
S [19153299] : (330F3035)
R [19153299] : 0000000000000000000000000000000000000000000000000000000000000138400010F30350000000000
S [1915325A] : (40)
R [1915321C] : 0
S [19152FF9] : (07)
R [19152EC1] : 0000000000000000000000000000000000000000000000000000000000000138400010F30350000000000
S [19152E92] : (40)
R [19152E82] : 0
S [19152E24] : (21)
R [19152E24] : 0
S [19151D9A] : 0B
R [19151D9A] : 0
S [19151973] : (0B)
R [19151935] : 0
S [19151722] : (07)
R [19149ED5] : 0000000000000000000000000000000000000000000000000000000000000138400010F300F0000000000
S [19149EA6] : (40)
R [19149EA6] : 0
S [19149E39] : (21)
R [19149E39] : 0
S [19148DAE] : 0B
R [19148DAE] : 0
S [19148988] : (0B)
R [19148949] : 0
S [19148726] : (07)
R [19147515] : 00001000200000000002800000000000000000000000000000000000016F0149300400F056B04000FF800
S [19147506] : (40)
R [19147506] : 01
S [191474F6] : (34)
R [191474F6] : 010F056B
S [191474F6] : (35)
R [191474F6] : 00001000200000000002800000000000000000000000000000000000016F0149300400F056B04000FF800
S [191474D7] : (40)
R [191474D7] : 01
S [191474C7] : (34)
R [191474C7] : 010F056B
S [191474B8] : (35)
R [1913D3E4] : 0
S [1913D396] : (330F300F)
R [1913D396] : 0000000000000000000000000000000000000000000000000000000000000138400010F300F0000000000
S [1913D357] : (40)
R [1913D319] : 0
S [1913D105] : (07)
R [1913CF6F] : 0000000000000000000000000000000000000000000000000000000000000138400010F300F0000000000
S [1913CF40] : (40)
R [1913CF40] : 0
S [1913CED3] : (21)
R [1913CED3] : 0
S [1913BD4E] : 0B
R [1913BD4E] : 0
S [1913B928] : (0B)
R [1913B8E9] : 0
S [1913B6D6] : (07)
R [1913A998] : 0000000000000000000000000000000000000000000000000000000000000138400010F300F0000000000
S [1913A969] : (40)
R [1913A969] : 0
S [1913A90B] : (21)
R [1913A90B] : 0
S [19139881] : 0B
R [19139881] : 0
S [1913945A] : (0B)
R [1913941C] : 0
S [19139208] : (07)
R [19116B8E] : 0000000000000000000000000000000000000000000000000000000000000138400010F2FEB0000000000
S [19116B60] : (40)
R [19116B50] : 0
S [19116AF2] : (21)
R [19116AF2] : 0
S [19115A68] : 0B
R [19115A68] : 0
S [19115641] : (0B)
R [19115603] : 0
S [191153F0] : (07)
R [1911188C] : 00000000000000000000000000000000000000000000000003D0000FB16EC1383400003000004000FF800
S [1911187D] : (40)
R [1911187D] : 01
S [1911186D] : (34)
R [1911186D] : 01030000
S [1911186D] : (35)
R [1911186D] : 00000000000000000000000000000000000000000000000003D0000FB16EC1383400003000004000FF800
S [1911185E] : (40)
R [1911185E] : 01
S [1911184E] : (34)
R [1911184E] : 01030000
S [1911184E] : (35)
R [190F7FCC] : 0
S [190F7FCC] : (4100040A10001)
R [190F7F3F] : 0
S [190F7F3F] : (4100040A10001)
R [190F7F3F] : 0
S [190F7F30] : (4100040A10001)
R [190F7F30] : 0
S [190F7F30] : (4100040A10001)
R [190E8B69] : 0
S [190E8B1B] : (330F2F8F)
R [190E8B1B] : 0000000000000000000000000000000000000000000000000000000000000138400010F2F8F0000000000
S [190E8ADD] : (40)
R [190E8A9E] : 0
S [190E888B] : (07)
R [190E8733] : 0000000000000000000000000000000000000000000000000000000000000138400010F2F8F0000000000
S [190E8704] : (40)
R [190E86F5] : 0
S [190E8697] : (21)
R [190E8697] : 0
S [190E762C] : 0B
R [190E762C] : 0
S [190E7205] : (0B)
R [190E71C7] : 0
S [190E6FB4] : (07)
R [190E544C] : 0
S [190E544C] : (4100040610001)
R [190E544C] : 0
S [190E543C] : (4100040610001)
R [190E543C] : 0
S [190E543C] : (4100040610001)
R [190E4D86] : 0
S [190E4D86] : (4100040610001)
R [190E4CF9] : 0
S [190E4CF9] : (4100040610001)
R [190E4CF9] : 0
S [190E4CE9] : (4100040610001)
R [190E4CE9] : 0
S [190E4CE9] : (4100040610001)
R [190DF217] : 0
S [190DF1F8] : (410F050000080)
R [190DF1F8] : 0
S [190DF1E8] : (410F048000080)
R [190DF1BA] : 00001000200000000002800000000000000000000000000000000000016EC155700480F04E804000FF800
S [190DF19A] : (40)
R [190DF19A] : 01
S [190DF19A] : (34)
R [190DF19A] : 010F04E8
S [190DF19A] : (35)
R [190DF19A] : 00001000200000000002800000000000000000000000000000000000016EC155700480F04E804000FF800
S [190DF17B] : (40)
R [190DF17B] : 01
S [190DF16B] : (34)
R [190DF16B] : 010F04E8
S [190DF15C] : (35)
R [190DD613] : 0
S [190DD5C5] : (330F2F8D)
R [190DD5C5] : 0000000000000000000000000000000000000000000000000000000000000138400010F2F8D0000000000
S [190DD587] : (40)
R [190DD548] : 0
S [190DD335] : (07)
R [190DD1CE] : 0000000000000000000000000000000000000000000000000000000000000138400010F2F8D0000000000
S [190DD19F] : (40)
